D:\MY_DOCUMENTS\WEBOPENPRODUCTS\DCT\DCT_2\WORK_4_1\RELEASE\BYDCT2.PCH
D:\MY_DOCUMENTS\WEBOPENPRODUCTS\DCT\DCT_2\WORK_4_1\RELEASE\STDAFX.OBJ
D:\MY_DOCUMENTS\WEBOPENPRODUCTS\DCT\DCT_2\WORK_4_1\RELEASE\VC110.PDB
D:\MY_DOCUMENTS\WEBOPENPRODUCTS\DCT\DCT_2\WORK_4_1\RELEASE\WORK_4_1.OBJ
D:\MY_DOCUMENTS\WEBOPENPRODUCTS\DCT\DCT_2\WORK_4_1\RELEASE\WEBRECLAM.OBJ
D:\MY_DOCUMENTS\WEBOPENPRODUCTS\DCT\DCT_2\WORK_4_1\RELEASE\ASSEMBLYINFO.OBJ
D:\MY_DOCUMENTS\WEBOPENPRODUCTS\DCT\DCT_2\WORK_4_1\RELEASE\.NETFRAMEWORK,VERSION=V4.0.ASSEMBLYATTRIBUTES.OBJ
D:\MY_DOCUMENTS\WEBOPENPRODUCTS\DCT\DCT_2\RELEASE\BYDCT2.EXE
D:\MY_DOCUMENTS\WEBOPENPRODUCTS\DCT\DCT_2\RELEASE\BYDCT2.PDB
D:\MY_DOCUMENTS\WEBOPENPRODUCTS\DCT\DCT_2\WORK_4_1\RELEASE\APP.RES
D:\My_Documents\WebOpenProducts\DCT\DCT_2\work_4_1\Release\work_4_1.Form1.resources
D:\My_Documents\WebOpenProducts\DCT\DCT_2\work_4_1\Release\work_4_1.vcxproj.GenerateResource.Cache
D:\My_Documents\WebOpenProducts\DCT\DCT_2\work_4_1\Release\.NETFramework,Version=v4.0.AssemblyAttributes.obj
D:\My_Documents\WebOpenProducts\DCT\DCT_2\work_4_1\Release\AssemblyInfo.obj
D:\My_Documents\WebOpenProducts\DCT\DCT_2\work_4_1\Release\stdafx.obj
D:\My_Documents\WebOpenProducts\DCT\DCT_2\work_4_1\Release\webreclam.obj
D:\My_Documents\WebOpenProducts\DCT\DCT_2\work_4_1\Release\work_4_1.obj
D:\My_Documents\WebOpenProducts\DCT\DCT_2\work_4_1\Release\cl.command.1.tlog
D:\My_Documents\WebOpenProducts\DCT\DCT_2\work_4_1\Release\CL.read.1.tlog
D:\My_Documents\WebOpenProducts\DCT\DCT_2\work_4_1\Release\CL.write.1.tlog
D:\My_Documents\WebOpenProducts\DCT\DCT_2\work_4_1\Release\link-cvtres.read.1.tlog
D:\My_Documents\WebOpenProducts\DCT\DCT_2\work_4_1\Release\link-cvtres.write.1.tlog
D:\My_Documents\WebOpenProducts\DCT\DCT_2\work_4_1\Release\link-rc.read.1.tlog
D:\My_Documents\WebOpenProducts\DCT\DCT_2\work_4_1\Release\link-rc.write.1.tlog
D:\My_Documents\WebOpenProducts\DCT\DCT_2\work_4_1\Release\link.command.1.tlog
D:\My_Documents\WebOpenProducts\DCT\DCT_2\work_4_1\Release\link.read.1.tlog
D:\My_Documents\WebOpenProducts\DCT\DCT_2\work_4_1\Release\link.write.1.tlog
D:\My_Documents\WebOpenProducts\DCT\DCT_2\work_4_1\Release\metagen.read.1.tlog
D:\My_Documents\WebOpenProducts\DCT\DCT_2\work_4_1\Release\metagen.write.1.tlog
D:\My_Documents\WebOpenProducts\DCT\DCT_2\work_4_1\Release\rc.command.1.tlog
D:\My_Documents\WebOpenProducts\DCT\DCT_2\work_4_1\Release\rc.read.1.tlog
D:\My_Documents\WebOpenProducts\DCT\DCT_2\work_4_1\Release\rc.write.1.tlog
D:\My_Documents\WebOpenProducts\DCT\DCT_2\work_4_1\Release\work_4_1.write.1.tlog
D:\My_Documents\WebOpenProducts\DCT\DCT_2\work_4_1\Release\app.res
D:\My_Documents\WebOpenProducts\DCT\DCT_2\work_4_1\Release\byDCT2.pch
D:\My_Documents\WebOpenProducts\DCT\DCT_2\work_4_1\Release\vc110.pdb
D:\My_Documents\WebOpenProducts\DCT\DCT_2\work_4_1\Release\RSAENH.DLL.bi
D:\My_Documents\WebOpenProducts\DCT\DCT_2\work_4_1\Release\TZRES.DLL.bi
D:\My_Documents\WebOpenProducts\DCT\DCT_2\Release\byDCT2.pdb
D:\My_Documents\WebOpenProducts\DCT\DCT_2\Release\byDCT2.exe
