Построение начато 02.10.2018 8:59:08.
     1>Проект "D:\My_Documents\WebOpenProducts\DCT\DCT_2\work_4_1\work_4_1.vcxproj" в узле 2 (целевые объекты Rebuild).
     1>ClCompile:
         C:\Program Files\Microsoft Visual Studio 11.0\VC\bin\CL.exe /c /AI"C:\Program Files\Reference Assemblies\Microsoft\Framework\.NETFramework\v4.0" /AI"C:\Program Files\Windows Kits\8.0\References\CommonConfiguration\Neutral" /Zi /clr:pure /nologo /W3 /WX- /O2 /Oy- /GL /D WIN32 /D NDEBUG /D _UNICODE /D UNICODE /EHa /MD /GS /fp:precise /Zc:wchar_t /Zc:forScope /Yc"stdafx.h" /Fp"Release\byDCT2.pch" /Fo"Release\\" /Fd"Release\vc110.pdb" /TP /FU"C:\Program Files\Reference Assemblies\Microsoft\Framework\.NETFramework\v4.0\mscorlib.dll" /FU"C:\Program Files\Reference Assemblies\Microsoft\Framework\.NETFramework\v4.0\System.Data.dll" /FU"C:\Program Files\Reference Assemblies\Microsoft\Framework\.NETFramework\v4.0\System.dll" /FU"C:\Program Files\Reference Assemblies\Microsoft\Framework\.NETFramework\v4.0\System.Drawing.dll" /FU"C:\Program Files\Reference Assemblies\Microsoft\Framework\.NETFramework\v4.0\System.Windows.Forms.dll" /FU"C:\Program Files\Reference Assemblies\Microsoft\Framework\.NETFramework\v4.0\System.Xml.dll" /analyze- /errorReport:prompt /clr:nostdlib stdafx.cpp
         stdafx.cpp
         C:\Program Files\Microsoft Visual Studio 11.0\VC\bin\CL.exe /c /AI"C:\Program Files\Reference Assemblies\Microsoft\Framework\.NETFramework\v4.0" /AI"C:\Program Files\Windows Kits\8.0\References\CommonConfiguration\Neutral" /Zi /clr:pure /nologo /W3 /WX- /O2 /Oy- /GL /D WIN32 /D NDEBUG /D _UNICODE /D UNICODE /EHa /MD /GS /fp:precise /Zc:wchar_t /Zc:forScope /Yu"stdafx.h" /Fp"Release\byDCT2.pch" /Fo"Release\\" /Fd"Release\vc110.pdb" /TP /FU"C:\Program Files\Reference Assemblies\Microsoft\Framework\.NETFramework\v4.0\mscorlib.dll" /FU"C:\Program Files\Reference Assemblies\Microsoft\Framework\.NETFramework\v4.0\System.Data.dll" /FU"C:\Program Files\Reference Assemblies\Microsoft\Framework\.NETFramework\v4.0\System.dll" /FU"C:\Program Files\Reference Assemblies\Microsoft\Framework\.NETFramework\v4.0\System.Drawing.dll" /FU"C:\Program Files\Reference Assemblies\Microsoft\Framework\.NETFramework\v4.0\System.Windows.Forms.dll" /FU"C:\Program Files\Reference Assemblies\Microsoft\Framework\.NETFramework\v4.0\System.Xml.dll" /analyze- /errorReport:prompt /clr:nostdlib AssemblyInfo.cpp work_4_1.cpp
         AssemblyInfo.cpp
         work_4_1.cpp
         Создание кода...
         C:\Program Files\Microsoft Visual Studio 11.0\VC\bin\CL.exe /c /Zi /clr:pure /nologo /W3 /WX- /O2 /Oy- /GL /D WIN32 /D NDEBUG /D _UNICODE /D UNICODE /EHa /MD /GS /fp:precise /Zc:wchar_t /Zc:forScope /Fo"Release\\" /Fd"Release\vc110.pdb" /TP /analyze- /errorReport:prompt "C:\Users\Андрей\AppData\Local\Temp\.NETFramework,Version=v4.0.AssemblyAttributes.cpp"
         .NETFramework,Version=v4.0.AssemblyAttributes.cpp
       ResourceCompile:
         C:\Program Files\Windows Kits\8.0\bin\x86\rc.exe /D _UNICODE /D UNICODE /l"0x0409" /nologo /fo"Release\app.res" app.rc 
       Link:
         C:\Program Files\Microsoft Visual Studio 11.0\VC\bin\link.exe /ERRORREPORT:PROMPT /OUT:"D:\My_Documents\WebOpenProducts\DCT\DCT_2\Release\byDCT2.exe" /INCREMENTAL:NO /NOLOGO /ASSEMBLYRESOURCE:Release\work_4_1.Form1.resources /MANIFEST /MANIFESTUAC:"level='asInvoker' uiAccess='false'" /manifest:embed /DEBUG /PDB:"D:\My_Documents\WebOpenProducts\DCT\DCT_2\Release\byDCT2.pdb" /SUBSYSTEM:WINDOWS /LTCG /TLBID:1 /ENTRY:"main" /DYNAMICBASE /FIXED:NO /NXCOMPAT /MACHINE:X86 /SAFESEH Release\app.res
         Release\AssemblyInfo.obj
         Release\stdafx.obj
         Release\work_4_1.obj
         "Release\.NETFramework,Version=v4.0.AssemblyAttributes.obj"
         LINK : указан параметр /LTCG, но не требуется создание кода; удалите /LTCG из командной строки компоновки для повышения производительности компоновщика
         work_4_1.vcxproj -> D:\My_Documents\WebOpenProducts\DCT\DCT_2\Release\byDCT2.exe
     1>Построение проекта "D:\My_Documents\WebOpenProducts\DCT\DCT_2\work_4_1\work_4_1.vcxproj" завершено (целевые объекты Rebuild).

Построение успешно завершено.

Затраченное время: 00:00:04.21
