G:\MY_DOCUMENTS\Пенсия\Работа поиск\Контрольные\Аппанов Виктор Ульяновск\WORK_4_1\WORK_4_1\RELEASE\WORK_4_1.PCH
G:\MY_DOCUMENTS\Пенсия\Работа поиск\Контрольные\Аппанов Виктор Ульяновск\WORK_4_1\WORK_4_1\RELEASE\STDAFX.OBJ
G:\MY_DOCUMENTS\ПЕНСИЯ\РАБОТА ПОИСК\КОНТРОЛЬНЫЕ\АППАНОВ ВИКТОР УЛЬЯНОВСК\WORK_4_1\WORK_4_1\RELEASE\VC110.PDB
G:\MY_DOCUMENTS\Пенсия\Работа поиск\Контрольные\Аппанов Виктор Ульяновск\WORK_4_1\WORK_4_1\RELEASE\WORK_4_1.OBJ
G:\MY_DOCUMENTS\Пенсия\Работа поиск\Контрольные\Аппанов Виктор Ульяновск\WORK_4_1\WORK_4_1\RELEASE\ASSEMBLYINFO.OBJ
G:\MY_DOCUMENTS\Пенсия\Работа поиск\Контрольные\Аппанов Виктор Ульяновск\WORK_4_1\WORK_4_1\RELEASE\.NETFRAMEWORK,VERSION=V4.0.ASSEMBLYATTRIBUTES.OBJ
G:\MY_DOCUMENTS\Пенсия\Работа поиск\Контрольные\Аппанов Виктор Ульяновск\WORK_4_1\RELEASE\WORK_4_1.EXE
G:\MY_DOCUMENTS\ПЕНСИЯ\РАБОТА ПОИСК\КОНТРОЛЬНЫЕ\АППАНОВ ВИКТОР УЛЬЯНОВСК\WORK_4_1\RELEASE\WORK_4_1.PDB
G:\MY_DOCUMENTS\Пенсия\Работа поиск\Контрольные\Аппанов Виктор Ульяновск\WORK_4_1\WORK_4_1\RELEASE\APP.RES
G:\My_Documents\Пенсия\Работа поиск\Контрольные\Аппанов Виктор Ульяновск\work_4_1\work_4_1\Release\work_4_1.Form1.resources
G:\My_Documents\Пенсия\Работа поиск\Контрольные\Аппанов Виктор Ульяновск\work_4_1\work_4_1\Release\work_4_1.vcxproj.GenerateResource.Cache
G:\My_Documents\Пенсия\Работа поиск\Контрольные\Аппанов Виктор Ульяновск\work_4_1\work_4_1\Release\work_4_1.vcxprojResolveAssemblyReference.cache
G:\My_Documents\Пенсия\Работа поиск\Контрольные\Аппанов Виктор Ульяновск\work_4_1\work_4_1\Release\.NETFramework,Version=v4.0.AssemblyAttributes.obj
G:\My_Documents\Пенсия\Работа поиск\Контрольные\Аппанов Виктор Ульяновск\work_4_1\work_4_1\Release\AssemblyInfo.obj
G:\My_Documents\Пенсия\Работа поиск\Контрольные\Аппанов Виктор Ульяновск\work_4_1\work_4_1\Release\stdafx.obj
G:\My_Documents\Пенсия\Работа поиск\Контрольные\Аппанов Виктор Ульяновск\work_4_1\work_4_1\Release\work_4_1.obj
G:\My_Documents\Пенсия\Работа поиск\Контрольные\Аппанов Виктор Ульяновск\work_4_1\work_4_1\Release\cl.command.1.tlog
G:\My_Documents\Пенсия\Работа поиск\Контрольные\Аппанов Виктор Ульяновск\work_4_1\work_4_1\Release\CL.read.1.tlog
G:\My_Documents\Пенсия\Работа поиск\Контрольные\Аппанов Виктор Ульяновск\work_4_1\work_4_1\Release\CL.write.1.tlog
G:\My_Documents\Пенсия\Работа поиск\Контрольные\Аппанов Виктор Ульяновск\work_4_1\work_4_1\Release\link-cvtres.read.1.tlog
G:\My_Documents\Пенсия\Работа поиск\Контрольные\Аппанов Виктор Ульяновск\work_4_1\work_4_1\Release\link-cvtres.write.1.tlog
G:\My_Documents\Пенсия\Работа поиск\Контрольные\Аппанов Виктор Ульяновск\work_4_1\work_4_1\Release\link-rc.read.1.tlog
G:\My_Documents\Пенсия\Работа поиск\Контрольные\Аппанов Виктор Ульяновск\work_4_1\work_4_1\Release\link-rc.write.1.tlog
G:\My_Documents\Пенсия\Работа поиск\Контрольные\Аппанов Виктор Ульяновск\work_4_1\work_4_1\Release\link.command.1.tlog
G:\My_Documents\Пенсия\Работа поиск\Контрольные\Аппанов Виктор Ульяновск\work_4_1\work_4_1\Release\link.read.1.tlog
G:\My_Documents\Пенсия\Работа поиск\Контрольные\Аппанов Виктор Ульяновск\work_4_1\work_4_1\Release\link.write.1.tlog
G:\My_Documents\Пенсия\Работа поиск\Контрольные\Аппанов Виктор Ульяновск\work_4_1\work_4_1\Release\metagen.read.1.tlog
G:\My_Documents\Пенсия\Работа поиск\Контрольные\Аппанов Виктор Ульяновск\work_4_1\work_4_1\Release\metagen.write.1.tlog
G:\My_Documents\Пенсия\Работа поиск\Контрольные\Аппанов Виктор Ульяновск\work_4_1\work_4_1\Release\rc.command.1.tlog
G:\My_Documents\Пенсия\Работа поиск\Контрольные\Аппанов Виктор Ульяновск\work_4_1\work_4_1\Release\rc.read.1.tlog
G:\My_Documents\Пенсия\Работа поиск\Контрольные\Аппанов Виктор Ульяновск\work_4_1\work_4_1\Release\rc.write.1.tlog
G:\My_Documents\Пенсия\Работа поиск\Контрольные\Аппанов Виктор Ульяновск\work_4_1\work_4_1\Release\work_4_1.write.1.tlog
G:\My_Documents\Пенсия\Работа поиск\Контрольные\Аппанов Виктор Ульяновск\work_4_1\work_4_1\Release\app.res
G:\My_Documents\Пенсия\Работа поиск\Контрольные\Аппанов Виктор Ульяновск\work_4_1\work_4_1\Release\work_4_1.pch
G:\My_Documents\Пенсия\Работа поиск\Контрольные\Аппанов Виктор Ульяновск\work_4_1\work_4_1\Release\vc110.pdb
G:\My_Documents\Пенсия\Работа поиск\Контрольные\Аппанов Виктор Ульяновск\work_4_1\work_4_1\Release\RSAENH.DLL.bi
G:\My_Documents\Пенсия\Работа поиск\Контрольные\Аппанов Виктор Ульяновск\work_4_1\work_4_1\Release\TZRES.DLL.bi
G:\My_Documents\Пенсия\Работа поиск\Контрольные\Аппанов Виктор Ульяновск\work_4_1\Release\work_4_1.pdb
G:\My_Documents\Пенсия\Работа поиск\Контрольные\Аппанов Виктор Ульяновск\work_4_1\Release\work_4_1.exe
